  [1m[36m (24.6ms)[0m  [1mCREATE TABLE "schema_migrations" ("version" character varying NOT NULL) [0m
  [1m[35m (1.8ms)[0m  CREATE UNIQUE INDEX  "unique_schema_migrations" ON "schema_migrations"  ("version")
  [1m[36mActiveRecord::SchemaMigration Load (1.0ms)[0m  [1mSELECT "schema_migrations".* FROM "schema_migrations"[0m
Migrating to CreateMovies (20150304102610)
  [1m[35m (0.2ms)[0m  BEGIN
  [1m[36m (16.4ms)[0m  [1mCREATE TABLE "movies" ("id" serial primary key, "title" character varying, "description" text, "movie_length" character varying, "director" character varying, "rating" character varying, "created_at" timestamp NOT NULL, "updated_at" timestamp NOT NULL) [0m
  [1m[35mSQL (0.5ms)[0m  INSERT INTO "schema_migrations" ("version") VALUES ($1)  [["version", "20150304102610"]]
  [1m[36m (0.6ms)[0m  [1mCOMMIT[0m
  [1m[35mActiveRecord::SchemaMigration Load (0.2ms)[0m  SELECT "schema_migrations".* FROM "schema_migrations"
  [1m[36m (5.4ms)[0m  [1mSELECT t2.oid::regclass::text AS to_table, a1.attname AS column, a2.attname AS primary_key, c.conname AS name, c.confupdtype AS on_update, c.confdeltype AS on_delete
FROM pg_constraint c
JOIN pg_class t1 ON c.conrelid = t1.oid
JOIN pg_class t2 ON c.confrelid = t2.oid
JOIN pg_attribute a1 ON a1.attnum = c.conkey[1] AND a1.attrelid = t1.oid
JOIN pg_attribute a2 ON a2.attnum = c.confkey[1] AND a2.attrelid = t2.oid
JOIN pg_namespace t3 ON c.connamespace = t3.oid
WHERE c.contype = 'f'
  AND t1.relname = 'movies'
  AND t3.nspname = ANY (current_schemas(false))
ORDER BY c.conname
[0m


Started GET "/movies" for ::1 at 2015-03-04 02:26:46 -0800
  [1m[36mActiveRecord::SchemaMigration Load (0.7ms)[0m  [1mSELECT "schema_migrations".* FROM "schema_migrations"[0m
Processing by MoviesController#index as HTML
  [1m[35mMovie Load (0.7ms)[0m  SELECT "movies".* FROM "movies"
  Rendered movies/index.html.erb within layouts/application (6.2ms)
Completed 200 OK in 1632ms (Views: 1608.1ms | ActiveRecord: 2.0ms)


Started GET "/assets/movies-64e62ddc273c2f5847f30d698ca14b67.css?body=1" for ::1 at 2015-03-04 02:26:48 -0800


Started GET "/assets/turbolinks-f87b3583ca50adb0488b031297f5580d.js?body=1" for ::1 at 2015-03-04 02:26:48 -0800


Started GET "/assets/scaffolds-7a64288452ee7357fa3a785ebbf8bfee.css?body=1" for ::1 at 2015-03-04 02:26:48 -0800


Started GET "/assets/application-d23f79a716617d58c9dd353a9e3316ef.css?body=1" for ::1 at 2015-03-04 02:26:48 -0800


Started GET "/assets/jquery_ujs-e27bd20a10d28155845a22d71ef94f2f.js?body=1" for ::1 at 2015-03-04 02:26:48 -0800


Started GET "/assets/movies-fcec5b5a277ac7c20cc9f45a209a3bcd.js?body=1" for ::1 at 2015-03-04 02:26:48 -0800


Started GET "/assets/application-001948a807d6467a657420955d9f0c1c.js?body=1" for ::1 at 2015-03-04 02:26:48 -0800


Started GET "/assets/jquery-87424c3c19e96d4fb033c10ebe21ec40.js?body=1" for ::1 at 2015-03-04 02:26:48 -0800


Started GET "/movies/new" for ::1 at 2015-03-04 02:26:49 -0800
Processing by MoviesController#new as HTML
  Rendered movies/_form.html.erb (27.1ms)
  Rendered movies/new.html.erb within layouts/application (40.5ms)
Completed 200 OK in 87ms (Views: 77.9ms | ActiveRecord: 2.8ms)


Started POST "/movies" for ::1 at 2015-03-04 02:27:53 -0800
Processing by MoviesController#create as HTML
  Parameters: {"utf8"=>"✓", "authenticity_token"=>"1hMD+3n1B9cyjlWpUJdK8um2+LBS9Y6Ng9daODHJONTch8lTOdmEB9cHUfxN8vV8fD9yAfuM4jjroj1J5643Ng==", "movie"=>{"title"=>"Batman", "description"=>"something", "movie_length"=>"2:20", "director"=>"me", "rating"=>"pg13"}, "commit"=>"Create Movie"}
  [1m[36m (0.2ms)[0m  [1mBEGIN[0m
  [1m[35mSQL (0.6ms)[0m  INSERT INTO "movies" ("title", "description", "movie_length", "director", "rating", "created_at", "updated_at") VALUES ($1, $2, $3, $4, $5, $6, $7) RETURNING "id"  [["title", "Batman"], ["description", "something"], ["movie_length", "2:20"], ["director", "me"], ["rating", "pg13"], ["created_at", "2015-03-04 10:27:53.008414"], ["updated_at", "2015-03-04 10:27:53.008414"]]
  [1m[36m (0.8ms)[0m  [1mCOMMIT[0m
Redirected to http://localhost:3000/movies/1
Completed 302 Found in 9ms (ActiveRecord: 1.8ms)


Started GET "/movies/1" for ::1 at 2015-03-04 02:27:53 -0800
Processing by MoviesController#show as HTML
  Parameters: {"id"=>"1"}
  [1m[35mMovie Load (0.5ms)[0m  SELECT  "movies".* FROM "movies" WHERE "movies"."id" = $1 LIMIT 1  [["id", 1]]
  Rendered movies/show.html.erb within layouts/application (0.9ms)
Completed 200 OK in 60ms (Views: 48.6ms | ActiveRecord: 0.5ms)


Started GET "/assets/jquery_ujs-e27bd20a10d28155845a22d71ef94f2f.js?body=1" for ::1 at 2015-03-04 02:27:53 -0800


Started GET "/assets/jquery-87424c3c19e96d4fb033c10ebe21ec40.js?body=1" for ::1 at 2015-03-04 02:27:53 -0800


Started GET "/assets/turbolinks-f87b3583ca50adb0488b031297f5580d.js?body=1" for ::1 at 2015-03-04 02:27:53 -0800


Started GET "/assets/application-001948a807d6467a657420955d9f0c1c.js?body=1" for ::1 at 2015-03-04 02:27:53 -0800


Started GET "/movies" for ::1 at 2015-03-04 02:27:57 -0800
Processing by MoviesController#index as HTML
  [1m[36mMovie Load (0.4ms)[0m  [1mSELECT "movies".* FROM "movies"[0m
  Rendered movies/index.html.erb within layouts/application (2.3ms)
Completed 200 OK in 48ms (Views: 47.0ms | ActiveRecord: 0.4ms)


Started GET "/movies/new" for ::1 at 2015-03-04 02:27:58 -0800
Processing by MoviesController#new as HTML
  Rendered movies/_form.html.erb (49.6ms)
  Rendered movies/new.html.erb within layouts/application (50.9ms)
Completed 200 OK in 116ms (Views: 114.8ms | ActiveRecord: 0.0ms)


Started POST "/movies" for ::1 at 2015-03-04 02:28:47 -0800
Processing by MoviesController#create as HTML
  Parameters: {"utf8"=>"✓", "authenticity_token"=>"Z3ZRcM3Q8wd643jva0lalCUpozdyvErcK4d4F9v60Wpt4pvYjfxw159qfLp2LOUasKAphtvFJmlD8h9mDZ3eiA==", "movie"=>{"title"=>"Superman", "description"=>"something", "movie_length"=>"2 hours", "director"=>"me", "rating"=>"pg13"}, "commit"=>"Create Movie"}
  [1m[35m (0.1ms)[0m  BEGIN
  [1m[36mSQL (0.5ms)[0m  [1mINSERT INTO "movies" ("title", "description", "movie_length", "director", "rating", "created_at", "updated_at") VALUES ($1, $2, $3, $4, $5, $6, $7) RETURNING "id"[0m  [["title", "Superman"], ["description", "something"], ["movie_length", "2 hours"], ["director", "me"], ["rating", "pg13"], ["created_at", "2015-03-04 10:28:47.196167"], ["updated_at", "2015-03-04 10:28:47.196167"]]
  [1m[35m (0.5ms)[0m  COMMIT
Redirected to http://localhost:3000/movies/2
Completed 302 Found in 5ms (ActiveRecord: 1.1ms)


Started GET "/movies/2" for ::1 at 2015-03-04 02:28:47 -0800
Processing by MoviesController#show as HTML
  Parameters: {"id"=>"2"}
  [1m[36mMovie Load (0.4ms)[0m  [1mSELECT  "movies".* FROM "movies" WHERE "movies"."id" = $1 LIMIT 1[0m  [["id", 2]]
  Rendered movies/show.html.erb within layouts/application (0.4ms)
Completed 200 OK in 58ms (Views: 56.4ms | ActiveRecord: 0.4ms)


Started GET "/assets/jquery-87424c3c19e96d4fb033c10ebe21ec40.js?body=1" for ::1 at 2015-03-04 02:28:47 -0800


Started GET "/assets/application-001948a807d6467a657420955d9f0c1c.js?body=1" for ::1 at 2015-03-04 02:28:47 -0800


Started GET "/assets/jquery_ujs-e27bd20a10d28155845a22d71ef94f2f.js?body=1" for ::1 at 2015-03-04 02:28:47 -0800


Started GET "/assets/turbolinks-f87b3583ca50adb0488b031297f5580d.js?body=1" for ::1 at 2015-03-04 02:28:47 -0800


Started GET "/movies" for ::1 at 2015-03-04 02:28:49 -0800
Processing by MoviesController#index as HTML
  [1m[35mMovie Load (0.3ms)[0m  SELECT "movies".* FROM "movies"
  Rendered movies/index.html.erb within layouts/application (1.5ms)
Completed 200 OK in 54ms (Views: 53.1ms | ActiveRecord: 0.3ms)


Started GET "/" for ::1 at 2015-03-04 02:36:49 -0800
  [1m[36mActiveRecord::SchemaMigration Load (0.7ms)[0m  [1mSELECT "schema_migrations".* FROM "schema_migrations"[0m
Processing by MoviesController#index as HTML
  [1m[35mMovie Load (1.0ms)[0m  SELECT "movies".* FROM "movies"
  Rendered movies/index.html.erb within layouts/application (18.0ms)
Completed 200 OK in 210ms (Views: 185.8ms | ActiveRecord: 6.5ms)


Started GET "/assets/jquery-87424c3c19e96d4fb033c10ebe21ec40.js?body=1" for ::1 at 2015-03-04 02:36:49 -0800


Started GET "/assets/jquery_ujs-e27bd20a10d28155845a22d71ef94f2f.js?body=1" for ::1 at 2015-03-04 02:36:49 -0800


Started GET "/assets/turbolinks-f87b3583ca50adb0488b031297f5580d.js?body=1" for ::1 at 2015-03-04 02:36:49 -0800


Started GET "/assets/application-001948a807d6467a657420955d9f0c1c.js?body=1" for ::1 at 2015-03-04 02:36:49 -0800


Started GET "/" for ::1 at 2015-03-04 02:36:52 -0800
Processing by MoviesController#index as HTML
  [1m[36mMovie Load (0.4ms)[0m  [1mSELECT "movies".* FROM "movies"[0m
  Rendered movies/index.html.erb within layouts/application (1.8ms)
Completed 200 OK in 50ms (Views: 48.5ms | ActiveRecord: 0.4ms)


Started GET "/assets/jquery_ujs-e27bd20a10d28155845a22d71ef94f2f.js?body=1" for ::1 at 2015-03-04 02:36:52 -0800


Started GET "/assets/application-001948a807d6467a657420955d9f0c1c.js?body=1" for ::1 at 2015-03-04 02:36:52 -0800


Started GET "/assets/jquery-87424c3c19e96d4fb033c10ebe21ec40.js?body=1" for ::1 at 2015-03-04 02:36:52 -0800


Started GET "/assets/turbolinks-f87b3583ca50adb0488b031297f5580d.js?body=1" for ::1 at 2015-03-04 02:36:52 -0800
  [1m[36mActiveRecord::SchemaMigration Load (0.6ms)[0m  [1mSELECT "schema_migrations".* FROM "schema_migrations"[0m
Migrating to DeviseCreateUsers (20150304104208)
  [1m[35m (0.2ms)[0m  BEGIN
DEPRECATION WARNING: `#timestamp` was called without specifying an option for `null`. In Rails 5, this behavior will change to `null: false`. You should manually specify `null: true` to prevent the behavior of your existing migrations from changing. (called from block in change at /Users/Alex/Desktop/movie_app/moive/db/migrate/20150304104208_devise_create_users.rb:34)
  [1m[36m (13.4ms)[0m  [1mCREATE TABLE "users" ("id" serial primary key, "email" character varying DEFAULT '' NOT NULL, "encrypted_password" character varying DEFAULT '' NOT NULL, "reset_password_token" character varying, "reset_password_sent_at" timestamp, "remember_created_at" timestamp, "sign_in_count" integer DEFAULT 0 NOT NULL, "current_sign_in_at" timestamp, "last_sign_in_at" timestamp, "current_sign_in_ip" inet, "last_sign_in_ip" inet, "created_at" timestamp, "updated_at" timestamp) [0m
  [1m[35m (1.5ms)[0m  CREATE UNIQUE INDEX  "index_users_on_email" ON "users"  ("email")
  [1m[36m (1.2ms)[0m  [1mCREATE UNIQUE INDEX  "index_users_on_reset_password_token" ON "users"  ("reset_password_token")[0m
  [1m[35mSQL (0.4ms)[0m  INSERT INTO "schema_migrations" ("version") VALUES ($1)  [["version", "20150304104208"]]
  [1m[36m (1.3ms)[0m  [1mCOMMIT[0m
  [1m[35mActiveRecord::SchemaMigration Load (0.3ms)[0m  SELECT "schema_migrations".* FROM "schema_migrations"
  [1m[36m (5.6ms)[0m  [1mSELECT t2.oid::regclass::text AS to_table, a1.attname AS column, a2.attname AS primary_key, c.conname AS name, c.confupdtype AS on_update, c.confdeltype AS on_delete
FROM pg_constraint c
JOIN pg_class t1 ON c.conrelid = t1.oid
JOIN pg_class t2 ON c.confrelid = t2.oid
JOIN pg_attribute a1 ON a1.attnum = c.conkey[1] AND a1.attrelid = t1.oid
JOIN pg_attribute a2 ON a2.attnum = c.confkey[1] AND a2.attrelid = t2.oid
JOIN pg_namespace t3 ON c.connamespace = t3.oid
WHERE c.contype = 'f'
  AND t1.relname = 'movies'
  AND t3.nspname = ANY (current_schemas(false))
ORDER BY c.conname
[0m
  [1m[35m (4.8ms)[0m  SELECT t2.oid::regclass::text AS to_table, a1.attname AS column, a2.attname AS primary_key, c.conname AS name, c.confupdtype AS on_update, c.confdeltype AS on_delete
FROM pg_constraint c
JOIN pg_class t1 ON c.conrelid = t1.oid
JOIN pg_class t2 ON c.confrelid = t2.oid
JOIN pg_attribute a1 ON a1.attnum = c.conkey[1] AND a1.attrelid = t1.oid
JOIN pg_attribute a2 ON a2.attnum = c.confkey[1] AND a2.attrelid = t2.oid
JOIN pg_namespace t3 ON c.connamespace = t3.oid
WHERE c.contype = 'f'
  AND t1.relname = 'users'
  AND t3.nspname = ANY (current_schemas(false))
ORDER BY c.conname



Started GET "/" for ::1 at 2015-03-04 02:42:29 -0800
  [1m[36mActiveRecord::SchemaMigration Load (0.6ms)[0m  [1mSELECT "schema_migrations".* FROM "schema_migrations"[0m
Processing by MoviesController#index as HTML
  [1m[35mMovie Load (1.0ms)[0m  SELECT "movies".* FROM "movies"
  Rendered movies/index.html.erb within layouts/application (18.1ms)
Completed 200 OK in 175ms (Views: 156.5ms | ActiveRecord: 6.4ms)


Started GET "/assets/jquery-87424c3c19e96d4fb033c10ebe21ec40.js?body=1" for ::1 at 2015-03-04 02:42:30 -0800


Started GET "/assets/movies-64e62ddc273c2f5847f30d698ca14b67.css?body=1" for ::1 at 2015-03-04 02:42:30 -0800


Started GET "/assets/scaffolds-7a64288452ee7357fa3a785ebbf8bfee.css?body=1" for ::1 at 2015-03-04 02:42:30 -0800


Started GET "/assets/application-d23f79a716617d58c9dd353a9e3316ef.css?body=1" for ::1 at 2015-03-04 02:42:30 -0800


Started GET "/assets/jquery_ujs-e27bd20a10d28155845a22d71ef94f2f.js?body=1" for ::1 at 2015-03-04 02:42:30 -0800


Started GET "/assets/turbolinks-f87b3583ca50adb0488b031297f5580d.js?body=1" for ::1 at 2015-03-04 02:42:30 -0800


Started GET "/assets/movies-fcec5b5a277ac7c20cc9f45a209a3bcd.js?body=1" for ::1 at 2015-03-04 02:42:30 -0800


Started GET "/assets/application-001948a807d6467a657420955d9f0c1c.js?body=1" for ::1 at 2015-03-04 02:42:30 -0800


Started GET "/" for ::1 at 2015-03-04 02:42:32 -0800
Processing by MoviesController#index as HTML
  [1m[36mMovie Load (0.5ms)[0m  [1mSELECT "movies".* FROM "movies"[0m
  Rendered movies/index.html.erb within layouts/application (2.7ms)
Completed 200 OK in 47ms (Views: 45.2ms | ActiveRecord: 0.5ms)


Started GET "/assets/movies-64e62ddc273c2f5847f30d698ca14b67.css?body=1" for ::1 at 2015-03-04 02:42:32 -0800


Started GET "/assets/application-d23f79a716617d58c9dd353a9e3316ef.css?body=1" for ::1 at 2015-03-04 02:42:32 -0800


Started GET "/assets/scaffolds-7a64288452ee7357fa3a785ebbf8bfee.css?body=1" for ::1 at 2015-03-04 02:42:32 -0800


Started GET "/assets/turbolinks-f87b3583ca50adb0488b031297f5580d.js?body=1" for ::1 at 2015-03-04 02:42:32 -0800


Started GET "/assets/jquery-87424c3c19e96d4fb033c10ebe21ec40.js?body=1" for ::1 at 2015-03-04 02:42:32 -0800


Started GET "/assets/jquery_ujs-e27bd20a10d28155845a22d71ef94f2f.js?body=1" for ::1 at 2015-03-04 02:42:32 -0800


Started GET "/assets/movies-fcec5b5a277ac7c20cc9f45a209a3bcd.js?body=1" for ::1 at 2015-03-04 02:42:32 -0800


Started GET "/assets/application-001948a807d6467a657420955d9f0c1c.js?body=1" for ::1 at 2015-03-04 02:42:32 -0800


Started GET "/" for ::1 at 2015-03-04 02:42:39 -0800
Processing by MoviesController#index as HTML
  [1m[35mMovie Load (0.5ms)[0m  SELECT "movies".* FROM "movies"
  Rendered movies/index.html.erb within layouts/application (2.3ms)
Completed 200 OK in 59ms (Views: 57.6ms | ActiveRecord: 0.5ms)


Started GET "/assets/scaffolds-7a64288452ee7357fa3a785ebbf8bfee.css?body=1" for ::1 at 2015-03-04 02:42:40 -0800


Started GET "/assets/turbolinks-f87b3583ca50adb0488b031297f5580d.js?body=1" for ::1 at 2015-03-04 02:42:40 -0800


Started GET "/assets/movies-64e62ddc273c2f5847f30d698ca14b67.css?body=1" for ::1 at 2015-03-04 02:42:40 -0800


Started GET "/assets/jquery-87424c3c19e96d4fb033c10ebe21ec40.js?body=1" for ::1 at 2015-03-04 02:42:40 -0800


Started GET "/assets/application-d23f79a716617d58c9dd353a9e3316ef.css?body=1" for ::1 at 2015-03-04 02:42:40 -0800


Started GET "/assets/jquery_ujs-e27bd20a10d28155845a22d71ef94f2f.js?body=1" for ::1 at 2015-03-04 02:42:40 -0800


Started GET "/assets/movies-fcec5b5a277ac7c20cc9f45a209a3bcd.js?body=1" for ::1 at 2015-03-04 02:42:40 -0800


Started GET "/assets/application-001948a807d6467a657420955d9f0c1c.js?body=1" for ::1 at 2015-03-04 02:42:40 -0800


Started GET "/sing_up" for ::1 at 2015-03-04 02:44:48 -0800
  [1m[36mActiveRecord::SchemaMigration Load (0.5ms)[0m  [1mSELECT "schema_migrations".* FROM "schema_migrations"[0m

ActionController::RoutingError (No route matches [GET] "/sing_up"):
  actionpack (4.2.0) lib/action_dispatch/middleware/debug_exceptions.rb:21:in `call'
  web-console (2.1.0) lib/web_console/middleware.rb:37:in `call'
  actionpack (4.2.0) lib/action_dispatch/middleware/show_exceptions.rb:30:in `call'
  railties (4.2.0) lib/rails/rack/logger.rb:38:in `call_app'
  railties (4.2.0) lib/rails/rack/logger.rb:20:in `block in call'
  activesupport (4.2.0) lib/active_support/tagged_logging.rb:68:in `block in tagged'
  activesupport (4.2.0) lib/active_support/tagged_logging.rb:26:in `tagged'
  activesupport (4.2.0) lib/active_support/tagged_logging.rb:68:in `tagged'
  railties (4.2.0) lib/rails/rack/logger.rb:20:in `call'
  actionpack (4.2.0) lib/action_dispatch/middleware/request_id.rb:21:in `call'
  rack (1.6.0) lib/rack/methodoverride.rb:22:in `call'
  rack (1.6.0) lib/rack/runtime.rb:18:in `call'
  activesupport (4.2.0) lib/active_support/cache/strategy/local_cache_middleware.rb:28:in `call'
  rack (1.6.0) lib/rack/lock.rb:17:in `call'
  actionpack (4.2.0) lib/action_dispatch/middleware/static.rb:113:in `call'
  rack (1.6.0) lib/rack/sendfile.rb:113:in `call'
  railties (4.2.0) lib/rails/engine.rb:518:in `call'
  railties (4.2.0) lib/rails/application.rb:164:in `call'
  rack (1.6.0) lib/rack/lock.rb:17:in `call'
  rack (1.6.0) lib/rack/content_length.rb:15:in `call'
  rack (1.6.0) lib/rack/handler/webrick.rb:89:in `service'
  /Users/Alex/.rbenv/versions/2.1.5/lib/ruby/2.1.0/webrick/httpserver.rb:138:in `service'
  /Users/Alex/.rbenv/versions/2.1.5/lib/ruby/2.1.0/webrick/httpserver.rb:94:in `run'
  /Users/Alex/.rbenv/versions/2.1.5/lib/ruby/2.1.0/webrick/server.rb:295:in `block in start_thread'


  Rendered /Users/Alex/.rbenv/versions/2.1.5/lib/ruby/gems/2.1.0/gems/actionpack-4.2.0/lib/action_dispatch/middleware/templates/rescues/_trace.html.erb (1.7ms)
  Rendered /Users/Alex/.rbenv/versions/2.1.5/lib/ruby/gems/2.1.0/gems/actionpack-4.2.0/lib/action_dispatch/middleware/templates/routes/_route.html.erb (2.8ms)
  Rendered /Users/Alex/.rbenv/versions/2.1.5/lib/ruby/gems/2.1.0/gems/actionpack-4.2.0/lib/action_dispatch/middleware/templates/routes/_table.html.erb (10.6ms)
  Rendered /Users/Alex/.rbenv/versions/2.1.5/lib/ruby/gems/2.1.0/gems/actionpack-4.2.0/lib/action_dispatch/middleware/templates/rescues/_request_and_response.html.erb (11.5ms)
  Rendered /Users/Alex/.rbenv/versions/2.1.5/lib/ruby/gems/2.1.0/gems/actionpack-4.2.0/lib/action_dispatch/middleware/templates/rescues/routing_error.html.erb within rescues/layout (71.3ms)
  Rendered /Users/Alex/.rbenv/versions/2.1.5/lib/ruby/gems/2.1.0/gems/web-console-2.1.0/lib/web_console/templates/_markup.html (0.6ms)
  Rendered /Users/Alex/.rbenv/versions/2.1.5/lib/ruby/gems/2.1.0/gems/web-console-2.1.0/lib/web_console/templates/style.css within layouts/inlined_string (0.4ms)
  Rendered /Users/Alex/.rbenv/versions/2.1.5/lib/ruby/gems/2.1.0/gems/web-console-2.1.0/lib/web_console/templates/_inner_console_markup.html within layouts/inlined_string (0.6ms)
  Rendered /Users/Alex/.rbenv/versions/2.1.5/lib/ruby/gems/2.1.0/gems/web-console-2.1.0/lib/web_console/templates/_prompt_box_markup.html within layouts/inlined_string (0.6ms)
  Rendered /Users/Alex/.rbenv/versions/2.1.5/lib/ruby/gems/2.1.0/gems/web-console-2.1.0/lib/web_console/templates/console.js within layouts/javascript (26.8ms)
  Rendered /Users/Alex/.rbenv/versions/2.1.5/lib/ruby/gems/2.1.0/gems/web-console-2.1.0/lib/web_console/templates/main.js within layouts/javascript (0.4ms)
  Rendered /Users/Alex/.rbenv/versions/2.1.5/lib/ruby/gems/2.1.0/gems/web-console-2.1.0/lib/web_console/templates/error_page.js within layouts/javascript (0.5ms)
  Rendered /Users/Alex/.rbenv/versions/2.1.5/lib/ruby/gems/2.1.0/gems/web-console-2.1.0/lib/web_console/templates/index.html (55.7ms)


Started GET "/sign_up" for ::1 at 2015-03-04 02:45:08 -0800

ActionController::RoutingError (No route matches [GET] "/sign_up"):
  actionpack (4.2.0) lib/action_dispatch/middleware/debug_exceptions.rb:21:in `call'
  web-console (2.1.0) lib/web_console/middleware.rb:37:in `call'
  actionpack (4.2.0) lib/action_dispatch/middleware/show_exceptions.rb:30:in `call'
  railties (4.2.0) lib/rails/rack/logger.rb:38:in `call_app'
  railties (4.2.0) lib/rails/rack/logger.rb:20:in `block in call'
  activesupport (4.2.0) lib/active_support/tagged_logging.rb:68:in `block in tagged'
  activesupport (4.2.0) lib/active_support/tagged_logging.rb:26:in `tagged'
  activesupport (4.2.0) lib/active_support/tagged_logging.rb:68:in `tagged'
  railties (4.2.0) lib/rails/rack/logger.rb:20:in `call'
  actionpack (4.2.0) lib/action_dispatch/middleware/request_id.rb:21:in `call'
  rack (1.6.0) lib/rack/methodoverride.rb:22:in `call'
  rack (1.6.0) lib/rack/runtime.rb:18:in `call'
  activesupport (4.2.0) lib/active_support/cache/strategy/local_cache_middleware.rb:28:in `call'
  rack (1.6.0) lib/rack/lock.rb:17:in `call'
  actionpack (4.2.0) lib/action_dispatch/middleware/static.rb:113:in `call'
  rack (1.6.0) lib/rack/sendfile.rb:113:in `call'
  railties (4.2.0) lib/rails/engine.rb:518:in `call'
  railties (4.2.0) lib/rails/application.rb:164:in `call'
  rack (1.6.0) lib/rack/lock.rb:17:in `call'
  rack (1.6.0) lib/rack/content_length.rb:15:in `call'
  rack (1.6.0) lib/rack/handler/webrick.rb:89:in `service'
  /Users/Alex/.rbenv/versions/2.1.5/lib/ruby/2.1.0/webrick/httpserver.rb:138:in `service'
  /Users/Alex/.rbenv/versions/2.1.5/lib/ruby/2.1.0/webrick/httpserver.rb:94:in `run'
  /Users/Alex/.rbenv/versions/2.1.5/lib/ruby/2.1.0/webrick/server.rb:295:in `block in start_thread'


  Rendered /Users/Alex/.rbenv/versions/2.1.5/lib/ruby/gems/2.1.0/gems/actionpack-4.2.0/lib/action_dispatch/middleware/templates/rescues/_trace.html.erb (2.7ms)
  Rendered /Users/Alex/.rbenv/versions/2.1.5/lib/ruby/gems/2.1.0/gems/actionpack-4.2.0/lib/action_dispatch/middleware/templates/routes/_route.html.erb (2.4ms)
  Rendered /Users/Alex/.rbenv/versions/2.1.5/lib/ruby/gems/2.1.0/gems/actionpack-4.2.0/lib/action_dispatch/middleware/templates/routes/_table.html.erb (2.3ms)
  Rendered /Users/Alex/.rbenv/versions/2.1.5/lib/ruby/gems/2.1.0/gems/actionpack-4.2.0/lib/action_dispatch/middleware/templates/rescues/_request_and_response.html.erb (2.1ms)
  Rendered /Users/Alex/.rbenv/versions/2.1.5/lib/ruby/gems/2.1.0/gems/actionpack-4.2.0/lib/action_dispatch/middleware/templates/rescues/routing_error.html.erb within rescues/layout (45.0ms)
  Rendered /Users/Alex/.rbenv/versions/2.1.5/lib/ruby/gems/2.1.0/gems/web-console-2.1.0/lib/web_console/templates/_markup.html (0.6ms)
  Rendered /Users/Alex/.rbenv/versions/2.1.5/lib/ruby/gems/2.1.0/gems/web-console-2.1.0/lib/web_console/templates/style.css within layouts/inlined_string (0.6ms)
  Rendered /Users/Alex/.rbenv/versions/2.1.5/lib/ruby/gems/2.1.0/gems/web-console-2.1.0/lib/web_console/templates/_inner_console_markup.html within layouts/inlined_string (0.5ms)
  Rendered /Users/Alex/.rbenv/versions/2.1.5/lib/ruby/gems/2.1.0/gems/web-console-2.1.0/lib/web_console/templates/_prompt_box_markup.html within layouts/inlined_string (0.4ms)
  Rendered /Users/Alex/.rbenv/versions/2.1.5/lib/ruby/gems/2.1.0/gems/web-console-2.1.0/lib/web_console/templates/console.js within layouts/javascript (19.7ms)
  Rendered /Users/Alex/.rbenv/versions/2.1.5/lib/ruby/gems/2.1.0/gems/web-console-2.1.0/lib/web_console/templates/main.js within layouts/javascript (0.3ms)
  Rendered /Users/Alex/.rbenv/versions/2.1.5/lib/ruby/gems/2.1.0/gems/web-console-2.1.0/lib/web_console/templates/error_page.js within layouts/javascript (0.5ms)
  Rendered /Users/Alex/.rbenv/versions/2.1.5/lib/ruby/gems/2.1.0/gems/web-console-2.1.0/lib/web_console/templates/index.html (42.2ms)


Started GET "/sign_up" for ::1 at 2015-03-04 02:45:12 -0800

ActionController::RoutingError (No route matches [GET] "/sign_up"):
  actionpack (4.2.0) lib/action_dispatch/middleware/debug_exceptions.rb:21:in `call'
  web-console (2.1.0) lib/web_console/middleware.rb:37:in `call'
  actionpack (4.2.0) lib/action_dispatch/middleware/show_exceptions.rb:30:in `call'
  railties (4.2.0) lib/rails/rack/logger.rb:38:in `call_app'
  railties (4.2.0) lib/rails/rack/logger.rb:20:in `block in call'
  activesupport (4.2.0) lib/active_support/tagged_logging.rb:68:in `block in tagged'
  activesupport (4.2.0) lib/active_support/tagged_logging.rb:26:in `tagged'
  activesupport (4.2.0) lib/active_support/tagged_logging.rb:68:in `tagged'
  railties (4.2.0) lib/rails/rack/logger.rb:20:in `call'
  actionpack (4.2.0) lib/action_dispatch/middleware/request_id.rb:21:in `call'
  rack (1.6.0) lib/rack/methodoverride.rb:22:in `call'
  rack (1.6.0) lib/rack/runtime.rb:18:in `call'
  activesupport (4.2.0) lib/active_support/cache/strategy/local_cache_middleware.rb:28:in `call'
  rack (1.6.0) lib/rack/lock.rb:17:in `call'
  actionpack (4.2.0) lib/action_dispatch/middleware/static.rb:113:in `call'
  rack (1.6.0) lib/rack/sendfile.rb:113:in `call'
  railties (4.2.0) lib/rails/engine.rb:518:in `call'
  railties (4.2.0) lib/rails/application.rb:164:in `call'
  rack (1.6.0) lib/rack/lock.rb:17:in `call'
  rack (1.6.0) lib/rack/content_length.rb:15:in `call'
  rack (1.6.0) lib/rack/handler/webrick.rb:89:in `service'
  /Users/Alex/.rbenv/versions/2.1.5/lib/ruby/2.1.0/webrick/httpserver.rb:138:in `service'
  /Users/Alex/.rbenv/versions/2.1.5/lib/ruby/2.1.0/webrick/httpserver.rb:94:in `run'
  /Users/Alex/.rbenv/versions/2.1.5/lib/ruby/2.1.0/webrick/server.rb:295:in `block in start_thread'


  Rendered /Users/Alex/.rbenv/versions/2.1.5/lib/ruby/gems/2.1.0/gems/actionpack-4.2.0/lib/action_dispatch/middleware/templates/rescues/_trace.html.erb (1.4ms)
  Rendered /Users/Alex/.rbenv/versions/2.1.5/lib/ruby/gems/2.1.0/gems/actionpack-4.2.0/lib/action_dispatch/middleware/templates/routes/_route.html.erb (1.7ms)
  Rendered /Users/Alex/.rbenv/versions/2.1.5/lib/ruby/gems/2.1.0/gems/actionpack-4.2.0/lib/action_dispatch/middleware/templates/routes/_table.html.erb (1.7ms)
  Rendered /Users/Alex/.rbenv/versions/2.1.5/lib/ruby/gems/2.1.0/gems/actionpack-4.2.0/lib/action_dispatch/middleware/templates/rescues/_request_and_response.html.erb (1.1ms)
  Rendered /Users/Alex/.rbenv/versions/2.1.5/lib/ruby/gems/2.1.0/gems/actionpack-4.2.0/lib/action_dispatch/middleware/templates/rescues/routing_error.html.erb within rescues/layout (28.0ms)
  Rendered /Users/Alex/.rbenv/versions/2.1.5/lib/ruby/gems/2.1.0/gems/web-console-2.1.0/lib/web_console/templates/_markup.html (0.5ms)
  Rendered /Users/Alex/.rbenv/versions/2.1.5/lib/ruby/gems/2.1.0/gems/web-console-2.1.0/lib/web_console/templates/style.css within layouts/inlined_string (0.3ms)
  Rendered /Users/Alex/.rbenv/versions/2.1.5/lib/ruby/gems/2.1.0/gems/web-console-2.1.0/lib/web_console/templates/_inner_console_markup.html within layouts/inlined_string (0.4ms)
  Rendered /Users/Alex/.rbenv/versions/2.1.5/lib/ruby/gems/2.1.0/gems/web-console-2.1.0/lib/web_console/templates/_prompt_box_markup.html within layouts/inlined_string (0.3ms)
  Rendered /Users/Alex/.rbenv/versions/2.1.5/lib/ruby/gems/2.1.0/gems/web-console-2.1.0/lib/web_console/templates/console.js within layouts/javascript (18.6ms)
  Rendered /Users/Alex/.rbenv/versions/2.1.5/lib/ruby/gems/2.1.0/gems/web-console-2.1.0/lib/web_console/templates/main.js within layouts/javascript (0.3ms)
  Rendered /Users/Alex/.rbenv/versions/2.1.5/lib/ruby/gems/2.1.0/gems/web-console-2.1.0/lib/web_console/templates/error_page.js within layouts/javascript (0.4ms)
  Rendered /Users/Alex/.rbenv/versions/2.1.5/lib/ruby/gems/2.1.0/gems/web-console-2.1.0/lib/web_console/templates/index.html (36.9ms)


Started GET "/users/sign_up" for ::1 at 2015-03-04 02:45:34 -0800
Processing by Devise::RegistrationsController#new as HTML
  Rendered devise/shared/_links.html.erb (7.1ms)
  Rendered devise/registrations/new.html.erb within layouts/application (40.4ms)
Completed 200 OK in 182ms (Views: 164.4ms | ActiveRecord: 4.0ms)


Started GET "/assets/movies-64e62ddc273c2f5847f30d698ca14b67.css?body=1" for ::1 at 2015-03-04 02:45:34 -0800


Started GET "/assets/jquery_ujs-e27bd20a10d28155845a22d71ef94f2f.js?body=1" for ::1 at 2015-03-04 02:45:34 -0800


Started GET "/assets/turbolinks-f87b3583ca50adb0488b031297f5580d.js?body=1" for ::1 at 2015-03-04 02:45:34 -0800


Started GET "/assets/jquery-87424c3c19e96d4fb033c10ebe21ec40.js?body=1" for ::1 at 2015-03-04 02:45:34 -0800


Started GET "/assets/scaffolds-7a64288452ee7357fa3a785ebbf8bfee.css?body=1" for ::1 at 2015-03-04 02:45:34 -0800


Started GET "/assets/application-d23f79a716617d58c9dd353a9e3316ef.css?body=1" for ::1 at 2015-03-04 02:45:34 -0800


Started GET "/assets/movies-fcec5b5a277ac7c20cc9f45a209a3bcd.js?body=1" for ::1 at 2015-03-04 02:45:34 -0800


Started GET "/assets/application-001948a807d6467a657420955d9f0c1c.js?body=1" for ::1 at 2015-03-04 02:45:34 -0800


Started GET "/assets/scaffolds-7a64288452ee7357fa3a785ebbf8bfee.css?body=1" for ::1 at 2015-03-04 02:45:49 -0800


Started GET "/assets/movies-64e62ddc273c2f5847f30d698ca14b67.css?body=1" for ::1 at 2015-03-04 02:45:49 -0800


Started GET "/assets/application-d23f79a716617d58c9dd353a9e3316ef.css?body=1" for ::1 at 2015-03-04 02:45:49 -0800


Started GET "/" for ::1 at 2015-03-04 02:46:43 -0800
Processing by MoviesController#index as HTML
  [1m[35mMovie Load (0.6ms)[0m  SELECT "movies".* FROM "movies"
  Rendered movies/index.html.erb within layouts/application (9.0ms)
Completed 200 OK in 97ms (Views: 91.6ms | ActiveRecord: 2.2ms)


Started GET "/assets/scaffolds-7a64288452ee7357fa3a785ebbf8bfee.css?body=1" for ::1 at 2015-03-04 02:46:43 -0800


Started GET "/assets/application-d23f79a716617d58c9dd353a9e3316ef.css?body=1" for ::1 at 2015-03-04 02:46:43 -0800


Started GET "/assets/jquery-87424c3c19e96d4fb033c10ebe21ec40.js?body=1" for ::1 at 2015-03-04 02:46:43 -0800


Started GET "/assets/movies-64e62ddc273c2f5847f30d698ca14b67.css?body=1" for ::1 at 2015-03-04 02:46:43 -0800


Started GET "/assets/movies-fcec5b5a277ac7c20cc9f45a209a3bcd.js?body=1" for ::1 at 2015-03-04 02:46:43 -0800


Started GET "/assets/jquery_ujs-e27bd20a10d28155845a22d71ef94f2f.js?body=1" for ::1 at 2015-03-04 02:46:43 -0800


Started GET "/assets/turbolinks-f87b3583ca50adb0488b031297f5580d.js?body=1" for ::1 at 2015-03-04 02:46:43 -0800


Started GET "/assets/application-001948a807d6467a657420955d9f0c1c.js?body=1" for ::1 at 2015-03-04 02:46:43 -0800


Started GET "/users/sign_up" for ::1 at 2015-03-04 02:46:55 -0800
Processing by Devise::RegistrationsController#new as HTML
  Rendered devise/shared/_links.html.erb (4.7ms)
  Rendered devise/registrations/new.html.erb within layouts/application (11.5ms)
Completed 200 OK in 58ms (Views: 56.0ms | ActiveRecord: 0.0ms)


Started GET "/assets/movies-64e62ddc273c2f5847f30d698ca14b67.css?body=1" for ::1 at 2015-03-04 02:46:55 -0800


Started GET "/assets/jquery-87424c3c19e96d4fb033c10ebe21ec40.js?body=1" for ::1 at 2015-03-04 02:46:55 -0800


Started GET "/assets/jquery_ujs-e27bd20a10d28155845a22d71ef94f2f.js?body=1" for ::1 at 2015-03-04 02:46:55 -0800


Started GET "/assets/scaffolds-7a64288452ee7357fa3a785ebbf8bfee.css?body=1" for ::1 at 2015-03-04 02:46:55 -0800


Started GET "/assets/application-d23f79a716617d58c9dd353a9e3316ef.css?body=1" for ::1 at 2015-03-04 02:46:55 -0800


Started GET "/assets/turbolinks-f87b3583ca50adb0488b031297f5580d.js?body=1" for ::1 at 2015-03-04 02:46:55 -0800


Started GET "/assets/movies-fcec5b5a277ac7c20cc9f45a209a3bcd.js?body=1" for ::1 at 2015-03-04 02:46:55 -0800


Started GET "/assets/application-001948a807d6467a657420955d9f0c1c.js?body=1" for ::1 at 2015-03-04 02:46:55 -0800


Started POST "/users" for ::1 at 2015-03-04 02:47:16 -0800
Processing by Devise::RegistrationsController#create as HTML
  Parameters: {"utf8"=>"✓", "authenticity_token"=>"PlB4UCXOrSHl+/wnU8cPx1KQcThl04+jgAM8rcYAm/Y0xLL4ZeIu8QBy+HJOorBJxxn7icyq4xbodlvcEGeUFA==", "user"=>{"email"=>"alexlaraalex@gmail.com", "password"=>"[FILTERED]", "password_confirmation"=>"[FILTERED]"}, "commit"=>"Sign up"}
  [1m[36m (0.3ms)[0m  [1mBEGIN[0m
  [1m[35mUser Exists (2.6ms)[0m  SELECT  1 AS one FROM "users" WHERE "users"."email" = 'alexlaraalex@gmail.com' LIMIT 1
  [1m[36mSQL (0.8ms)[0m  [1mINSERT INTO "users" ("email", "encrypted_password", "created_at", "updated_at") VALUES ($1, $2, $3, $4) RETURNING "id"[0m  [["email", "alexlaraalex@gmail.com"], ["encrypted_password", "$2a$10$UVyLq8.T3CHtVntL5H/CcOyQTzNgnKSc18bk7g2PeK/vVqWgaFr9a"], ["created_at", "2015-03-04 10:47:17.105965"], ["updated_at", "2015-03-04 10:47:17.105965"]]
  [1m[35m (0.8ms)[0m  COMMIT
  [1m[36m (0.1ms)[0m  [1mBEGIN[0m
  [1m[35mSQL (1.2ms)[0m  UPDATE "users" SET "last_sign_in_at" = $1, "current_sign_in_at" = $2, "last_sign_in_ip" = $3, "current_sign_in_ip" = $4, "sign_in_count" = $5, "updated_at" = $6 WHERE "users"."id" = $7  [["last_sign_in_at", "2015-03-04 10:47:17.110714"], ["current_sign_in_at", "2015-03-04 10:47:17.110714"], ["last_sign_in_ip", "::1/128"], ["current_sign_in_ip", "::1/128"], ["sign_in_count", 1], ["updated_at", "2015-03-04 10:47:17.111918"], ["id", 1]]
  [1m[36m (0.3ms)[0m  [1mCOMMIT[0m
Redirected to http://localhost:3000/
Completed 302 Found in 157ms (ActiveRecord: 6.3ms)


Started GET "/" for ::1 at 2015-03-04 02:47:17 -0800
Processing by MoviesController#index as HTML
  [1m[35mMovie Load (0.4ms)[0m  SELECT "movies".* FROM "movies"
  Rendered movies/index.html.erb within layouts/application (2.2ms)
Completed 200 OK in 49ms (Views: 47.3ms | ActiveRecord: 0.4ms)


Started GET "/assets/movies-64e62ddc273c2f5847f30d698ca14b67.css?body=1" for ::1 at 2015-03-04 02:47:17 -0800


Started GET "/assets/scaffolds-7a64288452ee7357fa3a785ebbf8bfee.css?body=1" for ::1 at 2015-03-04 02:47:17 -0800


Started GET "/assets/turbolinks-f87b3583ca50adb0488b031297f5580d.js?body=1" for ::1 at 2015-03-04 02:47:17 -0800


Started GET "/assets/application-d23f79a716617d58c9dd353a9e3316ef.css?body=1" for ::1 at 2015-03-04 02:47:17 -0800


Started GET "/assets/jquery-87424c3c19e96d4fb033c10ebe21ec40.js?body=1" for ::1 at 2015-03-04 02:47:17 -0800


Started GET "/assets/jquery_ujs-e27bd20a10d28155845a22d71ef94f2f.js?body=1" for ::1 at 2015-03-04 02:47:17 -0800


Started GET "/assets/movies-fcec5b5a277ac7c20cc9f45a209a3bcd.js?body=1" for ::1 at 2015-03-04 02:47:17 -0800


Started GET "/assets/application-001948a807d6467a657420955d9f0c1c.js?body=1" for ::1 at 2015-03-04 02:47:17 -0800
  [1m[36mActiveRecord::SchemaMigration Load (0.8ms)[0m  [1mSELECT "schema_migrations".* FROM "schema_migrations"[0m
Migrating to AddUserIdToMovies (20150304104837)
  [1m[35m (0.2ms)[0m  BEGIN
  [1m[36m (2.5ms)[0m  [1mALTER TABLE "movies" ADD "user_id" integer[0m
  [1m[35mSQL (0.8ms)[0m  INSERT INTO "schema_migrations" ("version") VALUES ($1)  [["version", "20150304104837"]]
  [1m[36m (0.6ms)[0m  [1mCOMMIT[0m
  [1m[35mActiveRecord::SchemaMigration Load (0.2ms)[0m  SELECT "schema_migrations".* FROM "schema_migrations"
  [1m[36m (5.5ms)[0m  [1mSELECT t2.oid::regclass::text AS to_table, a1.attname AS column, a2.attname AS primary_key, c.conname AS name, c.confupdtype AS on_update, c.confdeltype AS on_delete
FROM pg_constraint c
JOIN pg_class t1 ON c.conrelid = t1.oid
JOIN pg_class t2 ON c.confrelid = t2.oid
JOIN pg_attribute a1 ON a1.attnum = c.conkey[1] AND a1.attrelid = t1.oid
JOIN pg_attribute a2 ON a2.attnum = c.confkey[1] AND a2.attrelid = t2.oid
JOIN pg_namespace t3 ON c.connamespace = t3.oid
WHERE c.contype = 'f'
  AND t1.relname = 'movies'
  AND t3.nspname = ANY (current_schemas(false))
ORDER BY c.conname
[0m
  [1m[35m (4.0ms)[0m  SELECT t2.oid::regclass::text AS to_table, a1.attname AS column, a2.attname AS primary_key, c.conname AS name, c.confupdtype AS on_update, c.confdeltype AS on_delete
FROM pg_constraint c
JOIN pg_class t1 ON c.conrelid = t1.oid
JOIN pg_class t2 ON c.confrelid = t2.oid
JOIN pg_attribute a1 ON a1.attnum = c.conkey[1] AND a1.attrelid = t1.oid
JOIN pg_attribute a2 ON a2.attnum = c.confkey[1] AND a2.attrelid = t2.oid
JOIN pg_namespace t3 ON c.connamespace = t3.oid
WHERE c.contype = 'f'
  AND t1.relname = 'users'
  AND t3.nspname = ANY (current_schemas(false))
ORDER BY c.conname



Started GET "/" for ::1 at 2015-03-04 02:57:09 -0800
  [1m[36mActiveRecord::SchemaMigration Load (0.5ms)[0m  [1mSELECT "schema_migrations".* FROM "schema_migrations"[0m
Processing by MoviesController#index as HTML
  [1m[35mMovie Load (0.8ms)[0m  SELECT "movies".* FROM "movies"
  Rendered movies/index.html.erb within layouts/application (17.3ms)
Completed 200 OK in 160ms (Views: 137.1ms | ActiveRecord: 6.3ms)


Started GET "/assets/movies-64e62ddc273c2f5847f30d698ca14b67.css?body=1" for ::1 at 2015-03-04 02:57:09 -0800


Started GET "/assets/scaffolds-7a64288452ee7357fa3a785ebbf8bfee.css?body=1" for ::1 at 2015-03-04 02:57:09 -0800


Started GET "/assets/jquery_ujs-e27bd20a10d28155845a22d71ef94f2f.js?body=1" for ::1 at 2015-03-04 02:57:09 -0800


Started GET "/assets/application-d23f79a716617d58c9dd353a9e3316ef.css?body=1" for ::1 at 2015-03-04 02:57:09 -0800


Started GET "/assets/turbolinks-f87b3583ca50adb0488b031297f5580d.js?body=1" for ::1 at 2015-03-04 02:57:09 -0800


Started GET "/assets/jquery-87424c3c19e96d4fb033c10ebe21ec40.js?body=1" for ::1 at 2015-03-04 02:57:09 -0800


Started GET "/assets/movies-fcec5b5a277ac7c20cc9f45a209a3bcd.js?body=1" for ::1 at 2015-03-04 02:57:09 -0800


Started GET "/assets/application-001948a807d6467a657420955d9f0c1c.js?body=1" for ::1 at 2015-03-04 02:57:09 -0800


Started GET "/movies/new" for ::1 at 2015-03-04 02:57:22 -0800
Processing by MoviesController#new as HTML
  [1m[36mUser Load (1.3ms)[0m  [1mSELECT  "users".* FROM "users" WHERE "users"."id" = $1  ORDER BY "users"."id" ASC LIMIT 1[0m  [["id", 1]]
  Rendered movies/_form.html.erb (29.5ms)
  Rendered movies/new.html.erb within layouts/application (36.5ms)
Completed 200 OK in 148ms (Views: 80.5ms | ActiveRecord: 4.7ms)


Started POST "/movies" for ::1 at 2015-03-04 02:58:04 -0800
Processing by MoviesController#create as HTML
  Parameters: {"utf8"=>"✓", "authenticity_token"=>"/GkJucBiTnC5eL7PLjI8HqmOLK/O21MjM4fwBXqI5nH2/cMRgE7NoFzxupozV4OQPAemHmeiP5Zb8pd0rO/pkw==", "movie"=>{"title"=>"test movie", "description"=>"about me\r\n", "movie_length"=>"1 hour`", "director"=>"me", "rating"=>"R"}, "commit"=>"Create Movie"}
  [1m[35mUser Load (0.6ms)[0m  SELECT  "users".* FROM "users" WHERE "users"."id" = $1  ORDER BY "users"."id" ASC LIMIT 1  [["id", 1]]
  [1m[36m (0.2ms)[0m  [1mBEGIN[0m
  [1m[35mSQL (0.7ms)[0m  INSERT INTO "movies" ("title", "description", "movie_length", "director", "rating", "user_id", "created_at", "updated_at") VALUES ($1, $2, $3, $4, $5, $6, $7, $8) RETURNING "id"  [["title", "test movie"], ["description", "about me\r\n"], ["movie_length", "1 hour`"], ["director", "me"], ["rating", "R"], ["user_id", 1], ["created_at", "2015-03-04 10:58:04.346195"], ["updated_at", "2015-03-04 10:58:04.346195"]]
  [1m[36m (0.5ms)[0m  [1mCOMMIT[0m
Redirected to http://localhost:3000/movies/3
Completed 302 Found in 11ms (ActiveRecord: 2.0ms)


Started GET "/movies/3" for ::1 at 2015-03-04 02:58:04 -0800
Processing by MoviesController#show as HTML
  Parameters: {"id"=>"3"}
  [1m[35mMovie Load (0.4ms)[0m  SELECT  "movies".* FROM "movies" WHERE "movies"."id" = $1 LIMIT 1  [["id", 3]]
  Rendered movies/show.html.erb within layouts/application (1.0ms)
Completed 200 OK in 55ms (Views: 50.1ms | ActiveRecord: 0.4ms)


Started GET "/assets/movies-64e62ddc273c2f5847f30d698ca14b67.css?body=1" for ::1 at 2015-03-04 02:58:04 -0800


Started GET "/assets/scaffolds-7a64288452ee7357fa3a785ebbf8bfee.css?body=1" for ::1 at 2015-03-04 02:58:04 -0800


Started GET "/assets/application-d23f79a716617d58c9dd353a9e3316ef.css?body=1" for ::1 at 2015-03-04 02:58:04 -0800


Started GET "/assets/jquery-87424c3c19e96d4fb033c10ebe21ec40.js?body=1" for ::1 at 2015-03-04 02:58:04 -0800


Started GET "/assets/turbolinks-f87b3583ca50adb0488b031297f5580d.js?body=1" for ::1 at 2015-03-04 02:58:04 -0800


Started GET "/assets/jquery_ujs-e27bd20a10d28155845a22d71ef94f2f.js?body=1" for ::1 at 2015-03-04 02:58:04 -0800


Started GET "/assets/movies-fcec5b5a277ac7c20cc9f45a209a3bcd.js?body=1" for ::1 at 2015-03-04 02:58:04 -0800


Started GET "/assets/application-001948a807d6467a657420955d9f0c1c.js?body=1" for ::1 at 2015-03-04 02:58:04 -0800


Started GET "/movies/3/edit" for ::1 at 2015-03-04 02:59:53 -0800
Processing by MoviesController#edit as HTML
  Parameters: {"id"=>"3"}
  [1m[36mMovie Load (0.4ms)[0m  [1mSELECT  "movies".* FROM "movies" WHERE "movies"."id" = $1 LIMIT 1[0m  [["id", 3]]
  [1m[35mUser Load (0.3ms)[0m  SELECT  "users".* FROM "users" WHERE "users"."id" = $1  ORDER BY "users"."id" ASC LIMIT 1  [["id", 1]]
  Rendered movies/_form.html.erb (4.1ms)
  Rendered movies/edit.html.erb within layouts/application (6.3ms)
Completed 200 OK in 106ms (Views: 103.4ms | ActiveRecord: 0.7ms)


Started GET "/movies" for ::1 at 2015-03-04 02:59:56 -0800
Processing by MoviesController#index as HTML
  [1m[36mMovie Load (0.6ms)[0m  [1mSELECT "movies".* FROM "movies"[0m
  Rendered movies/index.html.erb within layouts/application (4.1ms)
Completed 200 OK in 61ms (Views: 58.9ms | ActiveRecord: 0.6ms)
